
> desarrollopersonal-nextjs@1.0.0 build
> next build

   ▲ Next.js 15.4.5
   - Environments: .env.local, .env

   Creating an optimized production build ...
Failed to compile.

./app/page.tsx
Error:   [31mx[0m Unexpected token. Did you mean `{'>'}` or `&gt;`?
     ,-[[36;1;4m/var/www/desarrollopersonal-nextjs/app/page.tsx[0m:462:1]
 [2m459[0m |             </div>
 [2m460[0m |           </div>
 [2m461[0m |         </div>
 [2m462[0m |       </section>rounded-lg transition-colors text-sm">
     : [35;1m                                                     ^[0m
 [2m463[0m |                       Ver Planes
 [2m464[0m |                     </Link>
 [2m465[0m |                   </SignedOut>
     `----
  [31mx[0m Expression expected
     ,-[[36;1;4m/var/www/desarrollopersonal-nextjs/app/page.tsx[0m:465:1]
 [2m462[0m |       </section>rounded-lg transition-colors text-sm">
 [2m463[0m |                       Ver Planes
 [2m464[0m |                     </Link>
 [2m465[0m |                   </SignedOut>
     : [35;1m                  ^[0m
 [2m466[0m |                 </div>
 [2m467[0m |               </div>
 [2m468[0m |             </div>
     `----
  [31mx[0m Unterminated regexp literal
     ,-[[36;1;4m/var/www/desarrollopersonal-nextjs/app/page.tsx[0m:465:1]
 [2m462[0m |       </section>rounded-lg transition-colors text-sm">
 [2m463[0m |                       Ver Planes
 [2m464[0m |                     </Link>
 [2m465[0m |                   </SignedOut>
     : [35;1m                   ^^^^^^^^^^^[0m
 [2m466[0m |                 </div>
 [2m467[0m |               </div>
 [2m468[0m |             </div>
     `----

Caused by:
    Syntax Error

Import trace for requested module:
./app/page.tsx


> Build failed because of webpack errors
